<?xml version="1.0" encoding="UTF-8"?>
<testng-results ignored="0" total="1" passed="1" failed="0" skipped="0">
  <reporter-output>
  </reporter-output>
  <suite started-at="2024-01-11T13:41:45 EET" name="Default suite" finished-at="2024-01-11T13:42:13 EET" duration-ms="28534">
    <groups>
      <group name="cucumber">
        <method signature="AbstractTestNGCucumberTests.runScenario(io.cucumber.testng.PickleWrapper,io.cucumber.testng.FeatureWrapper)[pri:0, instance:All_cucumber_components.CucumberRunner$CucumberRunnerTests@1151e434]" name="runScenario" class="io.cucumber.testng.AbstractTestNGCucumberTests"/>
      </group> <!-- cucumber -->
    </groups>
    <test started-at="2024-01-11T13:41:45 EET" name="Default test" finished-at="2024-01-11T13:42:13 EET" duration-ms="28534">
      <class name="All_cucumber_components.CucumberRunner$CucumberRunnerTests">
        <test-method is-config="true" signature="setUpClass(org.testng.ITestContext)[pri:0, instance:All_cucumber_components.CucumberRunner$CucumberRunnerTests@1151e434]" started-at="2024-01-11T13:41:45 EET" name="setUpClass" finished-at="2024-01-11T13:41:45 EET" duration-ms="344" status="PASS">
          <params>
            <param index="0">
              <value>
                <![CDATA[org.testng.TestRunner@439e3cb4]]>
              </value>
            </param>
          </params>
          <reporter-output>
          </reporter-output>
        </test-method> <!-- setUpClass -->
        <test-method signature="runScenario(io.cucumber.testng.PickleWrapper,io.cucumber.testng.FeatureWrapper)[pri:0, instance:All_cucumber_components.CucumberRunner$CucumberRunnerTests@1151e434]" started-at="2024-01-11T13:41:45 EET" name="runScenario" description="Runs Cucumber Scenarios" data-provider="scenarios" finished-at="2024-01-11T13:42:13 EET" duration-ms="28127" status="PASS">
          <params>
            <param index="0">
              <value>
                <![CDATA["Login with valid credentials"]]>
              </value>
            </param>
            <param index="1">
              <value>
                <![CDATA["Login"]]>
              </value>
            </param>
          </params>
          <reporter-output>
          </reporter-output>
        </test-method> <!-- runScenario -->
        <test-method is-config="true" signature="tearDownClass()[pri:0, instance:All_cucumber_components.CucumberRunner$CucumberRunnerTests@1151e434]" started-at="2024-01-11T13:42:13 EET" name="tearDownClass" finished-at="2024-01-11T13:42:13 EET" duration-ms="16" status="PASS">
          <reporter-output>
          </reporter-output>
        </test-method> <!-- tearDownClass -->
      </class> <!-- All_cucumber_components.CucumberRunner$CucumberRunnerTests -->
    </test> <!-- Default test -->
  </suite> <!-- Default suite -->
</testng-results>
